<?xml version="1.0" encoding="UTF-8"?>
<testng-results ignored="0" total="1" passed="1" failed="0" skipped="0">
  <reporter-output>
  </reporter-output>
  <suite started-at="2025-04-29T19:12:12 GST" name="Default suite" finished-at="2025-04-29T19:12:55 GST" duration-ms="42756">
    <groups>
    </groups>
    <test started-at="2025-04-29T19:12:12 GST" name="Default test" finished-at="2025-04-29T19:12:55 GST" duration-ms="42756">
      <class name="FlightBooking">
        <test-method signature="bookFlight()[pri:0, instance:FlightBooking@77847718]" started-at="2025-04-29T19:12:12 GST" name="bookFlight" finished-at="2025-04-29T19:12:55 GST" duration-ms="42721" status="PASS">
          <reporter-output>
          </reporter-output>
        </test-method> <!-- bookFlight -->
      </class> <!-- FlightBooking -->
    </test> <!-- Default test -->
  </suite> <!-- Default suite -->
</testng-results>
